 1233 32 52 32 23901 4632
 69967 30230 295

 32
 256
 326
 9
 10
 367
 4368
 10380
 19739 2035
 53398 2035
 19739 5476
 53398 5476
 53398 5476 33
 19739 44 2035 33
 53398 44 2035 33
 546 355 9753 166 153 46 52243
 119 48218 32 55 116 2157 60350 40081 6107 15931
 8827 40614 3642 11575 185034 8623
 76300 128 76300 182 76300 147 157246 139 76300 143 157246 130 76300 150 76300 183 76300 159 225 35097 76300 159 76300 162 76300 182 76300 133 76300 129 76300 155 76300 133 225 35097 76300 137
 150333 359 14291 41 19918 182 61587 79213 171 21243 359 79401 158243 176756 41 181343 359 10141 113958 389 760 1072 1813 11248 41
 19739
 53398
 32 53398
 256 53398
 326 53398
 326 53398 10 326 53398
 359
 10 409
 39 5784
 19739 44 330 53147 33 2329 457 390 184404 3479 32020 594 44450 2489 17246 35341 49 1419 5516
 34485 6255
 51
 2893
 18397
 18397 51
 18397 2893
 18397 18397
 18397 18397 51
 18397 18397 2893
 18397 18397 18397
 67 191937 97 31042 84408 116
 2300 2958
 137106 35066 24361 56254 151540 4315 10877 7671 41564 150333 359 14291 41 19918 182 61587 79213 171 21243 359 79401 158243 176756 41 181343 9753 166 153 186278 153 32 51 32 2893 32 18397 32 18397 51 32 18397 2893 32 18397 18397 32 18397 18397 51 32 18397 18397 2893 32 51 46 51 32 51 645 51 32 51 1662 51 29559 158 128 76300 182 76300 147 157246 139 76300 143 157246 130 76300 150 76300 183 76300 159 225 35097 76300 159 76300 162 76300 182 76300 133 21557 129 3479 32020 594 44450 2489 17246 35341 49 1419 5516 109618 1246 9435 6833 40614 3642 11575 185034 8623 8462 3443 64346 2765 111832 22815 34485 6255 61018 13074 8244 1040 722 116 1186 13396 986 44 722 2380 390 3123 63 722 77 516 3123 13098 1454 412 44 722 68 390 1079 1001 17251 63 1559 39 34121 258 99132 76
